<?xml version="1.0" encoding="UTF-8"?>
<!-- Generated by org.testng.reporters.JUnitReportReporter -->
<testsuite hostname="DESKTOP-FL7C0C8" failures="0" tests="3" name="com.ivis.iportal.script.TC_ConfigCamera" time="13.107" errors="0" timestamp="2024-10-24T17:39:09 IST" skipped="0">
  <testcase classname="com.ivis.iportal.script.TC_ConfigCamera" name="iportalLoginValidation" time="8.895"/>
  <system-out/>
  <testcase classname="com.ivis.iportal.script.TC_ConfigCamera" name="iportalLoginValidation" time="2.123"/>
  <system-out/>
  <testcase classname="com.ivis.iportal.script.TC_ConfigCamera" name="iportalLoginValidation" time="2.089"/>
  <system-out/>
</testsuite> <!-- com.ivis.iportal.script.TC_ConfigCamera -->
