<?xml version="1.0" encoding="UTF-8"?>
<!-- Generated by org.testng.reporters.JUnitReportReporter -->
<testsuite hostname="DESKTOP-FL7C0C8" failures="0" tests="3" name="com.ivis.iportal.script.TC_ConfigCamera" time="10.279" errors="0" timestamp="2024-10-23T16:40:46 IST" skipped="0">
  <testcase classname="com.ivis.iportal.script.TC_ConfigCamera" name="iportalLoginValidation" time="2.611"/>
  <system-out/>
  <testcase classname="com.ivis.iportal.script.TC_ConfigCamera" name="iportalLoginValidation" time="2.677"/>
  <system-out/>
  <testcase classname="com.ivis.iportal.script.TC_ConfigCamera" name="iportalLoginValidation" time="4.991"/>
  <system-out/>
</testsuite> <!-- com.ivis.iportal.script.TC_ConfigCamera -->
