<?xml version="1.0" encoding="UTF-8"?>
<!-- Generated by org.testng.reporters.JUnitReportReporter -->
<testsuite hostname="MLI01107" failures="0" tests="3" name="com.ivis.iportal.script.TC_ConfigCamera" time="27.838" errors="0" timestamp="2024-10-26T01:26:18 IST" skipped="0">
  <testcase classname="com.ivis.iportal.script.TC_ConfigCamera" name="iportalLoginValidation" time="8.018"/>
  <system-out/>
  <testcase classname="com.ivis.iportal.script.TC_ConfigCamera" name="iportalLoginValidation" time="8.216"/>
  <system-out/>
  <testcase classname="com.ivis.iportal.script.TC_ConfigCamera" name="iportalLoginValidation" time="11.604"/>
  <system-out/>
</testsuite> <!-- com.ivis.iportal.script.TC_ConfigCamera -->
