<?xml version="1.0" encoding="UTF-8"?>
<!-- Generated by org.testng.reporters.JUnitReportReporter -->
<testsuite hostname="DESKTOP-FL7C0C8" failures="0" tests="3" name="com.ivis.iportal.script.TC_ConfigCamera" time="7.442" errors="0" timestamp="2024-10-17T16:44:30 IST" skipped="0">
  <testcase classname="com.ivis.iportal.script.TC_ConfigCamera" name="iportalLoginValidation" time="2.061"/>
  <system-out/>
  <testcase classname="com.ivis.iportal.script.TC_ConfigCamera" name="iportalLoginValidation" time="2.055"/>
  <system-out/>
  <testcase classname="com.ivis.iportal.script.TC_ConfigCamera" name="iportalLoginValidation" time="3.326"/>
  <system-out/>
</testsuite> <!-- com.ivis.iportalcript.TC_ConfigCamera -->
